<?xml version="1.0" encoding="UTF-8"?>
<!-- Generated by org.testng.reporters.JUnitReportReporter -->
<testsuite hostname="LAPTOP-AM8G0EIO" failures="0" tests="1" name="register.CucumberTestNGTestrunner" time="12.098" errors="0" timestamp="2023-04-22T19:02:38 CEST" skipped="0">
  <testcase classname="register.CucumberTestNGTestrunner" name="runScenario" time="12.098"/>
  <system-out/>
</testsuite> <!-- register.CucumberTestNGTestrunner -->
