<?xml version="1.0" encoding="UTF-8"?>
<!-- Generated by org.testng.reporters.JUnitReportReporter -->
<testsuite hostname="LAPTOP-AM8G0EIO" failures="0" tests="1" name="register.CucumberTestNGTestrunner" time="11.395" errors="0" timestamp="2023-04-30T18:27:29 CEST" skipped="0">
  <testcase classname="register.CucumberTestNGTestrunner" name="runScenario" time="11.395"/>
  <system-out/>
</testsuite> <!-- register.CucumberTestNGTestrunner -->
