<?xml version="1.0" encoding="UTF-8"?>
<!-- Generated by org.testng.reporters.JUnitReportReporter -->
<testsuite hostname="LAPTOP-AM8G0EIO" failures="0" tests="1" name="register.CucumberTestNGTestrunner" time="10.055" errors="0" timestamp="2023-04-30T01:27:14 CEST" skipped="0">
  <testcase classname="register.CucumberTestNGTestrunner" name="runScenario" time="10.055"/>
  <system-out/>
</testsuite> <!-- register.CucumberTestNGTestrunner -->
