<?xml version="1.0" encoding="UTF-8"?>
<!-- Generated by org.testng.reporters.JUnitReportReporter -->
<testsuite hostname="LAPTOP-AM8G0EIO" failures="0" tests="1" name="addToCart.KdtScript" time="17.903" errors="0" timestamp="2023-04-30T12:21:50 CEST" skipped="0">
  <testcase classname="addToCart.KdtScript" name="addToCartTestCase" time="17.903"/>
  <system-out/>
</testsuite> <!-- addToCart.KdtScript -->
